SF:C:\Users\7050426\source\repos\numeros-a-letras\nal\Program.cs
FN:8,System.Void nal.Program::Main(System.String[])
FNDA:0,System.Void nal.Program::Main(System.String[])
DA:9,0
DA:10,0
DA:11,0
FN:13,Microsoft.AspNetCore.Hosting.IWebHostBuilder nal.Program::CreateWebHostBuilder(System.String[])
FNDA:0,Microsoft.AspNetCore.Hosting.IWebHostBuilder nal.Program::CreateWebHostBuilder(System.String[])
DA:14,0
DA:15,0
LF:5
LH:0
BRF:0
BRH:0
FNF:2
FNH:0
end_of_record
SF:C:\Users\7050426\source\repos\numeros-a-letras\nal\Startup.cs
FN:17,Microsoft.Extensions.Configuration.IConfiguration nal.Startup::get_Configuration()
FNDA:0,Microsoft.Extensions.Configuration.IConfiguration nal.Startup::get_Configuration()
DA:18,0
FN:20,System.Void nal.Startup::ConfigureServices(Microsoft.Extensions.DependencyInjection.IServiceCollection)
FNDA:0,System.Void nal.Startup::ConfigureServices(Microsoft.Extensions.DependencyInjection.IServiceCollection)
DA:21,0
DA:22,0
DA:24,0
DA:25,0
DA:28,0
DA:29,0
DA:30,0
DA:31,0
DA:32,0
BRDA:28,51,0,0
BRDA:28,51,1,0
FN:34,System.Void nal.Startup::Configure(Microsoft.AspNetCore.Builder.IApplicationBuilder,Microsoft.AspNetCore.Hosting.IHostingEnvironment)
FNDA:0,System.Void nal.Startup::Configure(Microsoft.AspNetCore.Builder.IApplicationBuilder,Microsoft.AspNetCore.Hosting.IHostingEnvironment)
DA:35,0
DA:36,0
DA:37,0
DA:38,0
DA:39,0
DA:41,0
DA:42,0
DA:43,0
DA:45,0
DA:48,0
DA:52,0
DA:53,0
DA:54,0
DA:55,0
DA:57,0
DA:58,0
BRDA:36,9,0,0
BRDA:36,9,1,0
BRDA:52,53,0,0
BRDA:52,53,1,0
FN:12,System.Void nal.Startup::.ctor(Microsoft.Extensions.Configuration.IConfiguration)
FNDA:0,System.Void nal.Startup::.ctor(Microsoft.Extensions.Configuration.IConfiguration)
DA:13,0
DA:14,0
DA:15,0
DA:16,0
LF:30
LH:0
BRF:6
BRH:0
FNF:4
FNH:0
end_of_record
SF:C:\Users\7050426\source\repos\numeros-a-letras\nal\Controllers\HomeController.cs
FN:21,Microsoft.AspNetCore.Mvc.IActionResult nal.Controllers.HomeController::Get()
FNDA:2,Microsoft.AspNetCore.Mvc.IActionResult nal.Controllers.HomeController::Get()
DA:22,2
DA:23,2
DA:24,2
FN:13,System.Void nal.Controllers.HomeController::.ctor(Microsoft.Extensions.Options.IOptions`1<nal.Config.AppSettings>)
FNDA:2,System.Void nal.Controllers.HomeController::.ctor(Microsoft.Extensions.Options.IOptions`1<nal.Config.AppSettings>)
DA:14,2
DA:15,2
DA:16,2
DA:17,2
LF:7
LH:7
BRF:0
BRH:0
FNF:2
FNH:2
end_of_record
SF:C:\Users\7050426\source\repos\numeros-a-letras\nal\Controllers\NalController.cs
FN:12,Microsoft.AspNetCore.Mvc.ActionResult nal.Controllers.NalController::Get(System.Double)
FNDA:2,Microsoft.AspNetCore.Mvc.ActionResult nal.Controllers.NalController::Get(System.Double)
DA:13,2
DA:14,2
DA:16,2
DA:17,2
BRDA:14,17,0,0
BRDA:14,17,1,2
FN:21,Microsoft.AspNetCore.Mvc.ActionResult nal.Controllers.NalController::GetQuery(System.Double)
FNDA:2,Microsoft.AspNetCore.Mvc.ActionResult nal.Controllers.NalController::GetQuery(System.Double)
DA:22,2
DA:23,2
DA:25,2
DA:26,2
BRDA:23,17,0,0
BRDA:23,17,1,2
LF:8
LH:8
BRF:4
BRH:2
FNF:2
FNH:2
end_of_record
SF:C:\Users\7050426\source\repos\numeros-a-letras\nal\Config\AppSettings.cs
FN:10,System.String nal.Config.AppSettings::get_RepoUrl()
FNDA:5,System.String nal.Config.AppSettings::get_RepoUrl()
DA:11,5
LF:1
LH:1
BRF:0
BRH:0
FNF:1
FNH:1
end_of_record
SF:C:\Users\7050426\source\repos\numeros-a-letras\nal\Classes\NumerosALetras.cs
FN:13,System.String nal.Classes.NumerosALetras::ConvertirNumerosALetras(System.String)
FNDA:47,System.String nal.Classes.NumerosALetras::ConvertirNumerosALetras(System.String)
DA:14,47
DA:16,47
DA:20,47
DA:22,47
DA:24,47
DA:25,1
DA:26,1
DA:29,46
DA:30,1
DA:31,1
DA:34,45
DA:37,44
DA:38,1
DA:39,1
DA:40,1
DA:41,1
DA:44,44
DA:45,44
DA:47,44
DA:48,1
DA:49,1
DA:50,1
DA:52,44
DA:55,44
DA:56,1
DA:57,1
DA:58,1
DA:60,44
DA:61,1
DA:62,1
DA:63,1
DA:65,44
DA:66,1
DA:67,1
DA:68,1
DA:70,44
DA:71,1
DA:72,1
DA:73,1
DA:76,126
DA:77,92
DA:78,2
DA:79,2
DA:80,2
DA:81,1
DA:82,1
DA:83,1
DA:84,2
DA:86,44
DA:87,1
DA:89,44
DA:91,1
DA:92,1
DA:93,1
DA:95,47
BRDA:24,21,0,1
BRDA:24,21,1,46
BRDA:29,60,0,1
BRDA:29,60,1,45
BRDA:37,100,0,1
BRDA:37,100,1,44
BRDA:47,169,0,1
BRDA:47,169,1,44
BRDA:55,235,0,1
BRDA:55,235,1,44
BRDA:60,277,0,1
BRDA:60,277,1,44
BRDA:65,319,0,1
BRDA:65,319,1,44
BRDA:70,361,0,1
BRDA:70,361,1,44
BRDA:76,397,0,1
BRDA:76,397,1,44
BRDA:77,514,1,2
BRDA:80,451,0,2
BRDA:80,451,1,0
BRDA:80,476,0,1
BRDA:80,476,1,2
BRDA:77,514,0,44
BRDA:86,522,0,1
BRDA:86,522,1,44
FN:102,System.String nal.Classes.NumerosALetras::CovertirValor(System.Double)
FNDA:98,System.String nal.Classes.NumerosALetras::CovertirValor(System.Double)
DA:103,98
DA:104,98
DA:105,98
DA:106,99
DA:107,102
DA:108,102
DA:109,83
DA:110,81
DA:111,2
DA:112,80
DA:113,87
DA:114,70
DA:115,70
DA:116,67
DA:117,66
DA:118,65
DA:119,64
DA:120,63
DA:121,62
DA:122,61
DA:123,60
DA:124,59
DA:125,63
DA:126,52
DA:127,51
DA:128,56
DA:129,43
DA:130,42
DA:131,41
DA:132,40
DA:133,47
DA:134,31
DA:135,29
DA:136,32
DA:137,19
DA:138,18
DA:139,17
DA:140,22
DA:141,9
DA:142,8
DA:143,6
DA:144,3
DA:145,3
DA:146,3
DA:147,3
DA:149,4
DA:150,3
DA:151,1
DA:152,0
DA:153,0
DA:154,0
DA:155,0
DA:157,1
DA:158,2
DA:161,0
DA:162,0
DA:163,0
DA:164,0
DA:165,98
DA:167,98
BRDA:106,29,0,1
BRDA:106,29,1,97
BRDA:107,56,0,5
BRDA:107,56,1,92
BRDA:108,83,0,10
BRDA:108,83,1,82
BRDA:109,112,0,1
BRDA:109,112,1,81
BRDA:110,141,0,2
BRDA:110,141,1,79
BRDA:112,170,0,1
BRDA:112,170,1,78
BRDA:113,199,0,9
BRDA:113,199,1,69
BRDA:114,228,0,1
BRDA:114,228,1,68
BRDA:115,257,0,2
BRDA:115,257,1,66
BRDA:116,286,0,1
BRDA:116,286,1,65
BRDA:117,315,0,1
BRDA:117,315,1,64
BRDA:118,344,0,1
BRDA:118,344,1,63
BRDA:119,373,0,1
BRDA:119,373,1,62
BRDA:120,402,0,1
BRDA:120,402,1,61
BRDA:121,431,0,1
BRDA:121,431,1,60
BRDA:122,460,0,1
BRDA:122,460,1,59
BRDA:123,489,0,1
BRDA:123,489,1,58
BRDA:124,539,0,1
BRDA:124,539,1,57
BRDA:125,568,0,6
BRDA:125,568,1,51
BRDA:126,618,0,1
BRDA:126,618,1,50
BRDA:127,647,0,1
BRDA:127,647,1,49
BRDA:128,676,0,7
BRDA:128,676,1,42
BRDA:129,705,0,1
BRDA:129,705,1,41
BRDA:130,734,0,1
BRDA:130,734,1,40
BRDA:131,763,0,1
BRDA:131,763,1,39
BRDA:132,792,0,1
BRDA:132,792,1,38
BRDA:133,821,0,9
BRDA:133,821,1,29
BRDA:134,902,0,2
BRDA:134,902,1,27
BRDA:135,931,0,2
BRDA:135,931,1,25
BRDA:136,975,0,18
BRDA:136,987,0,18
BRDA:136,999,0,18
BRDA:136,1011,0,18
BRDA:136,975,1,7
BRDA:136,987,1,7
BRDA:136,999,1,7
BRDA:136,1011,1,7
BRDA:136,1032,0,7
BRDA:136,1032,1,18
BRDA:137,1087,0,1
BRDA:137,1087,1,17
BRDA:138,1116,0,1
BRDA:138,1116,1,16
BRDA:139,1145,0,1
BRDA:139,1145,1,15
BRDA:140,1174,0,7
BRDA:140,1174,1,8
BRDA:141,1255,0,1
BRDA:141,1255,1,7
BRDA:142,1284,0,1
BRDA:142,1284,1,6
BRDA:143,1334,0,3
BRDA:146,1395,0,0
BRDA:146,1395,1,3
BRDA:143,1334,1,3
BRDA:149,1447,0,1
BRDA:149,1447,1,2
BRDA:150,1476,0,1
BRDA:150,1476,1,1
BRDA:151,1526,0,0
BRDA:154,1607,0,0
BRDA:154,1607,1,0
BRDA:151,1526,1,1
BRDA:157,1676,0,0
BRDA:157,1676,1,1
BRDA:158,1705,0,1
BRDA:158,1705,1,0
BRDA:163,1829,0,0
BRDA:163,1829,1,0
FN:176,System.String nal.Classes.NumerosALetras::Reemplazar(System.String,System.String,System.String)
FNDA:2,System.String nal.Classes.NumerosALetras::Reemplazar(System.String,System.String,System.String)
DA:177,2
DA:178,2
DA:179,2
DA:180,2
DA:181,2
LF:120
LH:112
BRF:124
BRH:115
FNF:3
FNH:3
end_of_record