SF:C:\Users\7050426\source\repos\numeros-a-letras\nal\Program.cs
FN:8,System.Void nal.Program::Main(System.String[])
FNDA:0,System.Void nal.Program::Main(System.String[])
DA:9,0
DA:10,0
DA:11,0
FN:13,Microsoft.AspNetCore.Hosting.IWebHostBuilder nal.Program::CreateWebHostBuilder(System.String[])
FNDA:0,Microsoft.AspNetCore.Hosting.IWebHostBuilder nal.Program::CreateWebHostBuilder(System.String[])
DA:14,0
DA:15,0
LF:5
LH:0
BRF:0
BRH:0
FNF:2
FNH:0
end_of_record
SF:C:\Users\7050426\source\repos\numeros-a-letras\nal\Startup.cs
FN:17,Microsoft.Extensions.Configuration.IConfiguration nal.Startup::get_Configuration()
FNDA:0,Microsoft.Extensions.Configuration.IConfiguration nal.Startup::get_Configuration()
DA:18,0
FN:20,System.Void nal.Startup::ConfigureServices(Microsoft.Extensions.DependencyInjection.IServiceCollection)
FNDA:0,System.Void nal.Startup::ConfigureServices(Microsoft.Extensions.DependencyInjection.IServiceCollection)
DA:21,0
DA:22,0
DA:24,0
DA:25,0
DA:28,0
DA:29,0
DA:30,0
DA:31,0
DA:32,0
BRDA:28,51,0,0
BRDA:28,51,1,0
FN:34,System.Void nal.Startup::Configure(Microsoft.AspNetCore.Builder.IApplicationBuilder,Microsoft.AspNetCore.Hosting.IHostingEnvironment)
FNDA:0,System.Void nal.Startup::Configure(Microsoft.AspNetCore.Builder.IApplicationBuilder,Microsoft.AspNetCore.Hosting.IHostingEnvironment)
DA:35,0
DA:36,0
DA:37,0
DA:38,0
DA:39,0
DA:41,0
DA:42,0
DA:43,0
DA:45,0
DA:48,0
DA:52,0
DA:53,0
DA:54,0
DA:55,0
DA:57,0
DA:58,0
BRDA:36,9,0,0
BRDA:36,9,1,0
BRDA:52,53,0,0
BRDA:52,53,1,0
FN:12,System.Void nal.Startup::.ctor(Microsoft.Extensions.Configuration.IConfiguration)
FNDA:0,System.Void nal.Startup::.ctor(Microsoft.Extensions.Configuration.IConfiguration)
DA:13,0
DA:14,0
DA:15,0
DA:16,0
LF:30
LH:0
BRF:6
BRH:0
FNF:4
FNH:0
end_of_record
SF:C:\Users\7050426\source\repos\numeros-a-letras\nal\Controllers\HomeController.cs
FN:21,Microsoft.AspNetCore.Mvc.IActionResult nal.Controllers.HomeController::Get()
FNDA:2,Microsoft.AspNetCore.Mvc.IActionResult nal.Controllers.HomeController::Get()
DA:22,2
DA:23,2
DA:24,2
FN:13,System.Void nal.Controllers.HomeController::.ctor(Microsoft.Extensions.Options.IOptions`1<nal.Config.AppSettings>)
FNDA:2,System.Void nal.Controllers.HomeController::.ctor(Microsoft.Extensions.Options.IOptions`1<nal.Config.AppSettings>)
DA:14,2
DA:15,2
DA:16,2
DA:17,2
LF:7
LH:7
BRF:0
BRH:0
FNF:2
FNH:2
end_of_record
SF:C:\Users\7050426\source\repos\numeros-a-letras\nal\Controllers\NalController.cs
FN:12,Microsoft.AspNetCore.Mvc.ActionResult nal.Controllers.NalController::Get(System.Double)
FNDA:2,Microsoft.AspNetCore.Mvc.ActionResult nal.Controllers.NalController::Get(System.Double)
DA:13,2
DA:14,2
DA:15,2
FN:19,Microsoft.AspNetCore.Mvc.ActionResult nal.Controllers.NalController::GetQuery(System.Double)
FNDA:2,Microsoft.AspNetCore.Mvc.ActionResult nal.Controllers.NalController::GetQuery(System.Double)
DA:20,2
DA:21,2
DA:22,2
LF:6
LH:6
BRF:0
BRH:0
FNF:2
FNH:2
end_of_record
SF:C:\Users\7050426\source\repos\numeros-a-letras\nal\Config\AppSettings.cs
FN:10,System.String nal.Config.AppSettings::get_RepoUrl()
FNDA:5,System.String nal.Config.AppSettings::get_RepoUrl()
DA:11,5
LF:1
LH:1
BRF:0
BRH:0
FNF:1
FNH:1
end_of_record
SF:C:\Users\7050426\source\repos\numeros-a-letras\nal\Classes\NumerosALetras.cs
FN:13,System.String nal.Classes.NumerosALetras::ConvertirNumerosALetras(System.String)
FNDA:26,System.String nal.Classes.NumerosALetras::ConvertirNumerosALetras(System.String)
DA:14,26
DA:16,26
DA:21,26
DA:23,26
DA:24,1
DA:25,1
DA:28,25
DA:29,1
DA:30,1
DA:33,24
DA:35,23
DA:36,23
DA:38,23
DA:39,1
DA:40,1
DA:41,1
DA:43,23
DA:46,23
DA:47,1
DA:48,1
DA:49,1
DA:51,23
DA:52,1
DA:53,1
DA:54,1
DA:56,23
DA:57,1
DA:58,1
DA:59,1
DA:61,23
DA:62,1
DA:63,1
DA:64,1
DA:67,83
DA:68,50
DA:69,2
DA:70,2
DA:71,2
DA:72,1
DA:73,1
DA:74,1
DA:75,2
DA:77,23
DA:79,1
DA:80,1
DA:81,1
DA:83,26
BRDA:23,18,0,1
BRDA:23,18,1,25
BRDA:28,57,0,1
BRDA:28,57,1,24
BRDA:38,128,0,1
BRDA:38,128,1,23
BRDA:46,194,0,1
BRDA:46,194,1,23
BRDA:51,236,0,1
BRDA:51,236,1,23
BRDA:56,278,0,1
BRDA:56,278,1,23
BRDA:61,320,0,1
BRDA:61,320,1,23
BRDA:67,356,0,1
BRDA:67,356,1,23
BRDA:68,473,1,2
BRDA:71,410,0,2
BRDA:71,410,1,0
BRDA:71,435,0,1
BRDA:71,435,1,2
BRDA:68,473,0,23
FN:90,System.String nal.Classes.NumerosALetras::CovertirValor(System.Double)
FNDA:76,System.String nal.Classes.NumerosALetras::CovertirValor(System.Double)
DA:91,76
DA:92,76
DA:93,76
DA:94,77
DA:95,79
DA:96,81
DA:97,62
DA:98,60
DA:99,2
DA:100,58
DA:101,67
DA:102,49
DA:103,51
DA:104,47
DA:105,47
DA:106,47
DA:107,47
DA:108,47
DA:109,47
DA:110,47
DA:111,48
DA:112,46
DA:113,52
DA:114,41
DA:115,39
DA:116,46
DA:117,33
DA:118,31
DA:119,31
DA:120,31
DA:121,40
DA:122,22
DA:123,24
DA:124,27
DA:125,13
DA:126,13
DA:127,13
DA:128,20
DA:129,6
DA:130,6
DA:131,6
DA:132,3
DA:133,3
DA:134,3
DA:135,3
DA:137,4
DA:138,3
DA:139,1
DA:140,0
DA:141,0
DA:142,0
DA:143,0
DA:145,1
DA:146,2
DA:149,0
DA:150,0
DA:151,0
DA:152,0
DA:153,76
DA:155,76
BRDA:94,29,0,1
BRDA:94,29,1,75
BRDA:95,56,0,4
BRDA:95,56,1,71
BRDA:96,83,0,10
BRDA:96,83,1,61
BRDA:97,112,0,1
BRDA:97,112,1,60
BRDA:98,141,0,2
BRDA:98,141,1,58
BRDA:100,170,0,0
BRDA:100,170,1,58
BRDA:101,199,0,9
BRDA:101,199,1,49
BRDA:102,228,0,0
BRDA:102,228,1,49
BRDA:103,257,0,2
BRDA:103,257,1,47
BRDA:104,286,0,0
BRDA:104,286,1,47
BRDA:105,315,0,0
BRDA:105,315,1,47
BRDA:106,344,0,0
BRDA:106,344,1,47
BRDA:107,373,0,0
BRDA:107,373,1,47
BRDA:108,402,0,0
BRDA:108,402,1,47
BRDA:109,431,0,0
BRDA:109,431,1,47
BRDA:110,460,0,0
BRDA:110,460,1,47
BRDA:111,489,0,1
BRDA:111,489,1,46
BRDA:112,539,0,0
BRDA:112,539,1,46
BRDA:113,568,0,6
BRDA:113,568,1,40
BRDA:114,618,0,1
BRDA:114,618,1,39
BRDA:115,647,0,0
BRDA:115,647,1,39
BRDA:116,676,0,7
BRDA:116,676,1,32
BRDA:117,705,0,1
BRDA:117,705,1,31
BRDA:118,734,0,0
BRDA:118,734,1,31
BRDA:119,763,0,0
BRDA:119,763,1,31
BRDA:120,792,0,0
BRDA:120,792,1,31
BRDA:121,821,0,9
BRDA:121,821,1,22
BRDA:122,902,0,0
BRDA:122,902,1,22
BRDA:123,931,0,2
BRDA:123,931,1,20
BRDA:124,975,0,13
BRDA:124,987,0,13
BRDA:124,999,0,13
BRDA:124,1011,0,13
BRDA:124,975,1,7
BRDA:124,987,1,7
BRDA:124,999,1,7
BRDA:124,1011,1,7
BRDA:124,1032,0,7
BRDA:124,1032,1,13
BRDA:125,1087,0,0
BRDA:125,1087,1,13
BRDA:126,1116,0,0
BRDA:126,1116,1,13
BRDA:127,1145,0,0
BRDA:127,1145,1,13
BRDA:128,1174,0,7
BRDA:128,1174,1,6
BRDA:129,1255,0,0
BRDA:129,1255,1,6
BRDA:130,1284,0,0
BRDA:130,1284,1,6
BRDA:131,1334,0,3
BRDA:134,1395,0,0
BRDA:134,1395,1,3
BRDA:131,1334,1,3
BRDA:137,1447,0,1
BRDA:137,1447,1,2
BRDA:138,1476,0,1
BRDA:138,1476,1,1
BRDA:139,1526,0,0
BRDA:142,1607,0,0
BRDA:142,1607,1,0
BRDA:139,1526,1,1
BRDA:145,1676,0,0
BRDA:145,1676,1,1
BRDA:146,1705,0,1
BRDA:146,1705,1,0
BRDA:151,1829,0,0
BRDA:151,1829,1,0
FN:164,System.String nal.Classes.NumerosALetras::Reemplazar(System.String,System.String,System.String)
FNDA:2,System.String nal.Classes.NumerosALetras::Reemplazar(System.String,System.String,System.String)
DA:165,2
DA:166,2
DA:167,2
DA:168,2
DA:169,2
LF:112
LH:104
BRF:120
BRH:91
FNF:3
FNH:3
end_of_record
SF:C:\Users\7050426\source\repos\numeros-a-letras\nal.Test\obj\Debug\netcoreapp2.2\nal.Test.Program.cs
FN:3,System.Void AutoGeneratedProgram::Main(System.String[])
FNDA:0,System.Void AutoGeneratedProgram::Main(System.String[])
DA:4,0
LF:1
LH:0
BRF:0
BRH:0
FNF:1
FNH:0
end_of_record
SF:C:\Users\7050426\source\repos\numeros-a-letras\nal.Test\HomeControllerTest.cs
FN:26,System.Void nal.Test.HomeControllerTest::Get_Redireccion()
FNDA:1,System.Void nal.Test.HomeControllerTest::Get_Redireccion()
DA:27,1
DA:28,1
DA:30,1
DA:31,1
FN:34,System.Void nal.Test.HomeControllerTest::Get_Redireccion_Repo()
FNDA:1,System.Void nal.Test.HomeControllerTest::Get_Redireccion_Repo()
DA:35,1
DA:36,1
DA:38,1
DA:39,1
FN:16,System.Void nal.Test.HomeControllerTest::.ctor()
FNDA:2,System.Void nal.Test.HomeControllerTest::.ctor()
DA:17,2
DA:18,2
DA:19,2
DA:20,2
DA:21,2
DA:22,2
DA:23,2
LF:15
LH:15
BRF:0
BRH:0
FNF:3
FNH:3
end_of_record
SF:C:\Users\7050426\source\repos\numeros-a-letras\nal.Test\NalControllerTest.cs
FN:19,System.Void nal.Test.NalControllerTest::Get_RespuestaOk()
FNDA:1,System.Void nal.Test.NalControllerTest::Get_RespuestaOk()
DA:20,1
DA:21,1
DA:23,1
DA:24,1
FN:27,System.Void nal.Test.NalControllerTest::Get_Numero_RespuestaLetra()
FNDA:1,System.Void nal.Test.NalControllerTest::Get_Numero_RespuestaLetra()
DA:28,1
DA:29,1
DA:31,1
DA:33,1
DA:34,1
FN:37,System.Void nal.Test.NalControllerTest::GetQuery_RespuestaOk()
FNDA:1,System.Void nal.Test.NalControllerTest::GetQuery_RespuestaOk()
DA:38,1
DA:39,1
DA:41,1
DA:42,1
FN:45,System.Void nal.Test.NalControllerTest::GetQuery_Numero_RespuestaLetra()
FNDA:1,System.Void nal.Test.NalControllerTest::GetQuery_Numero_RespuestaLetra()
DA:46,1
DA:47,1
DA:49,1
DA:51,1
DA:52,1
FN:12,System.Void nal.Test.NalControllerTest::.ctor()
FNDA:4,System.Void nal.Test.NalControllerTest::.ctor()
DA:13,4
DA:14,4
DA:15,4
DA:16,4
LF:22
LH:22
BRF:0
BRH:0
FNF:5
FNH:5
end_of_record
SF:C:\Users\7050426\source\repos\numeros-a-letras\nal.Test\NumerosALetrasTest.cs
FN:10,System.Void nal.Test.NumerosALetrasTest::ConvertirNumerosALetras_NoNumero_RetornaError()
FNDA:1,System.Void nal.Test.NumerosALetrasTest::ConvertirNumerosALetras_NoNumero_RetornaError()
DA:11,1
DA:12,1
DA:14,1
DA:15,1
FN:18,System.Void nal.Test.NumerosALetrasTest::ConvertirNumerosALetras_FueraDeRango_RetornaError()
FNDA:1,System.Void nal.Test.NumerosALetrasTest::ConvertirNumerosALetras_FueraDeRango_RetornaError()
DA:19,1
DA:20,1
DA:22,1
DA:23,1
FN:26,System.Void nal.Test.NumerosALetrasTest::ConvertirNumerosALetras_Vacio_RetornaVacio()
FNDA:1,System.Void nal.Test.NumerosALetrasTest::ConvertirNumerosALetras_Vacio_RetornaVacio()
DA:27,1
DA:28,1
DA:30,1
DA:31,1
FN:34,System.Void nal.Test.NumerosALetrasTest::ConvertirNumerosALetras_Nuemero_RetornaLetra()
FNDA:1,System.Void nal.Test.NumerosALetrasTest::ConvertirNumerosALetras_Nuemero_RetornaLetra()
DA:35,1
DA:36,1
DA:37,1
DA:39,1
DA:40,1
DA:42,1
DA:43,1
DA:45,1
DA:46,1
DA:48,1
DA:49,1
DA:51,1
DA:52,1
DA:54,1
DA:55,1
DA:57,1
DA:58,1
DA:60,1
DA:61,1
DA:63,1
DA:64,1
DA:66,1
DA:67,1
DA:69,1
DA:70,1
DA:72,1
DA:73,1
DA:75,1
DA:76,1
DA:78,1
DA:79,1
DA:81,1
DA:82,1
DA:84,1
DA:85,1
DA:87,1
DA:88,1
DA:90,1
DA:91,1
DA:92,1
FN:95,System.Void nal.Test.NumerosALetrasTest::Reemplazar_Valor_RetornaReemplazo()
FNDA:1,System.Void nal.Test.NumerosALetrasTest::Reemplazar_Valor_RetornaReemplazo()
DA:96,1
DA:97,1
DA:99,1
DA:100,1
LF:56
LH:56
BRF:0
BRH:0
FNF:5
FNH:5
end_of_record